<?xml version="1.0" encoding="UTF-8"?>
<!-- Generated by org.testng.reporters.JUnitXMLReporter -->
<testsuite ignored="0" hostname="DESKTOP-8DPVRQ3" failures="0" tests="3" name="Default test" time="2.989" errors="0" timestamp="2021-09-26T16:04:48 IST">
  <testcase classname="com.api.test.Examples" name="sampleGet" time="1.895"/>
  <testcase classname="com.api.test.Examples" name="sampleGet2" time="0.397"/>
  <testcase classname="com.api.test.Examples" name="sampleGet3" time="0.664"/>
</testsuite> <!-- Default test -->
