<?xml version="1.0" encoding="UTF-8"?>
<!-- Generated by org.testng.reporters.JUnitXMLReporter -->
<testsuite ignored="0" hostname="DESKTOP-8DPVRQ3" failures="0" tests="3" name="Default test" time="3.056" errors="0" timestamp="2021-10-03T09:47:48 IST">
  <testcase classname="com.api.test.GETExamples" name="sampleGet" time="1.702"/>
  <testcase classname="com.api.test.GETExamples" name="sampleGetInGherkins" time="0.469"/>
  <testcase classname="com.api.test.GETExamples" name="sampleGetWithRestAssuredAssertion" time="0.854"/>
</testsuite> <!-- Default test -->
