<?xml version="1.0" encoding="UTF-8"?>
<testng-results ignored="0" total="1" passed="1" failed="0" skipped="0">
  <reporter-output>
  </reporter-output>
  <suite started-at="2021-10-17T19:19:29 IST" name="Default suite" finished-at="2021-10-17T19:19:31 IST" duration-ms="1580">
    <groups>
    </groups>
    <test started-at="2021-10-17T19:19:29 IST" name="Default test" finished-at="2021-10-17T19:19:31 IST" duration-ms="1580">
      <class name="com.api.test.server.local.PUTExamples">
        <test-method signature="updatePost()[pri:0, instance:com.api.test.server.local.PUTExamples@163e4e87]" started-at="2021-10-17T19:19:29 IST" name="updatePost" finished-at="2021-10-17T19:19:31 IST" duration-ms="1544" status="PASS">
          <reporter-output>
          </reporter-output>
        </test-method> <!-- updatePost -->
      </class> <!-- com.api.test.server.local.PUTExamples -->
    </test> <!-- Default test -->
  </suite> <!-- Default suite -->
</testng-results>
