<?xml version="1.0" encoding="UTF-8"?>
<testng-results ignored="0" total="1" passed="1" failed="0" skipped="0">
  <reporter-output>
  </reporter-output>
  <suite started-at="2021-10-17T09:22:32 IST" name="Default suite" finished-at="2021-10-17T09:22:34 IST" duration-ms="1895">
    <groups>
    </groups>
    <test started-at="2021-10-17T09:22:32 IST" name="Default test" finished-at="2021-10-17T09:22:34 IST" duration-ms="1895">
      <class name="com.api.demo.POSTExamples">
        <test-method signature="createNewPost()[pri:0, instance:com.api.demo.POSTExamples@163e4e87]" started-at="2021-10-17T09:22:32 IST" name="createNewPost" finished-at="2021-10-17T09:22:34 IST" duration-ms="1856" status="PASS">
          <reporter-output>
          </reporter-output>
        </test-method> <!-- createNewPost -->
      </class> <!-- com.api.demo.POSTExamples -->
    </test> <!-- Default test -->
  </suite> <!-- Default suite -->
</testng-results>
